Base path: /Applications/Unity/Hub/Editor/2018.3.3f1/Unity.app/Contents
Cmd: initializeCompiler
Cmd: compileComputeKernel
  api=14 insize=12270 outsize=2957 ok=1
Cmd: translateComputeKernel
  api=14 insize=3177 outsize=3613 ok=1
Cmd: translateComputeKernel
  api=14 insize=2981 outsize=3065 ok=1
Cmd: translateComputeKernel
  api=14 insize=2901 outsize=3017 ok=1
Cmd: translateComputeKernel
  api=14 insize=5773 outsize=9849 ok=1
Cmd: compileComputeKernel
  api=14 insize=4482 outsize=2809 ok=1
Cmd: translateComputeKernel
  api=14 insize=2809 outsize=4141 ok=1
Cmd: compileComputeKernel
  api=14 insize=23621 outsize=13413 ok=1
Cmd: translateComputeKernel
  api=14 insize=13413 outsize=26657 ok=1
Cmd: compileComputeKernel
  error: 1 plat 14 at Tensor.cginc(128): use of potentially uninitialized variable (ReadonlyTensor::SafeGet)
  api=14 insize=27408 outsize=4489 ok=1
Cmd: compileComputeKernel
  api=14 insize=27408 outsize=2781 ok=1
Cmd: compileComputeKernel
  api=14 insize=27408 outsize=3425 ok=1
Cmd: compileComputeKernel
  api=14 insize=27408 outsize=2853 ok=1
Cmd: translateComputeKernel
  api=14 insize=3717 outsize=4725 ok=1
Cmd: translateComputeKernel
  api=14 insize=3325 outsize=3593 ok=1
Cmd: translateComputeKernel
  api=14 insize=3405 outsize=3769 ok=1
Cmd: translateComputeKernel
  api=14 insize=3085 outsize=3217 ok=1
Cmd: translateComputeKernel
  api=14 insize=3705 outsize=4585 ok=1
Cmd: translateComputeKernel
  api=14 insize=3117 outsize=3325 ok=1
Cmd: compileComputeKernel
  api=14 insize=20360 outsize=1809 ok=1
Cmd: compileComputeKernel
  api=14 insize=20360 outsize=1725 ok=1
Cmd: compileComputeKernel
  api=14 insize=20360 outsize=2209 ok=1
Cmd: compileComputeKernel
  api=14 insize=20360 outsize=2349 ok=1
Cmd: compileComputeKernel
  api=14 insize=20360 outsize=2393 ok=1
Cmd: compileComputeKernel
  api=14 insize=20360 outsize=2233 ok=1
Cmd: translateComputeKernel
  api=14 insize=1825 outsize=1849 ok=1
Cmd: translateComputeKernel
  api=14 insize=1753 outsize=1729 ok=1
Cmd: translateComputeKernel
  api=14 insize=2249 outsize=2581 ok=1
Cmd: translateComputeKernel
  api=14 insize=2273 outsize=2933 ok=1
Cmd: translateComputeKernel
  api=14 insize=2397 outsize=2905 ok=1
Cmd: translateComputeKernel
  api=14 insize=2321 outsize=2993 ok=1
Cmd: translateComputeKernel
  api=14 insize=2301 outsize=2957 ok=1
Cmd: initializeCompiler
Cmd: initializeCompiler
Cmd: initializeCompiler
Cmd: initializeCompiler
Cmd: initializeCompiler
Cmd: initializeCompiler
Cmd: initializeCompiler
Cmd: initializeCompiler
Cmd: initializeCompiler
Cmd: initializeCompiler
Cmd: initializeCompiler
Cmd: initializeCompiler
Cmd: initializeCompiler
Cmd: initializeCompiler
Cmd: initializeCompiler
Cmd: initializeCompiler
Cmd: initializeCompiler
Cmd: initializeCompiler
Cmd: initializeCompiler
Cmd: initializeCompiler
Cmd: initializeCompiler
Cmd: initializeCompiler
Cmd: initializeCompiler
Cmd: initializeCompiler
Cmd: initializeCompiler
Cmd: initializeCompiler
Cmd: initializeCompiler
Cmd: initializeCompiler
Cmd: initializeCompiler
Cmd: initializeCompiler
Cmd: initializeCompiler
Cmd: initializeCompiler
Cmd: initializeCompiler
Cmd: initializeCompiler
Cmd: initializeCompiler
Cmd: initializeCompiler
Cmd: initializeCompiler
Cmd: initializeCompiler
Cmd: initializeCompiler
Cmd: initializeCompiler
Cmd: initializeCompiler
Cmd: initializeCompiler
Cmd: initializeCompiler
Cmd: initializeCompiler
Cmd: initializeCompiler
Cmd: initializeCompiler
Cmd: initializeCompiler
Cmd: initializeCompiler
Cmd: initializeCompiler
Cmd: initializeCompiler
Cmd: initializeCompiler
Cmd: initializeCompiler
Cmd: initializeCompiler
Cmd: initializeCompiler
Cmd: initializeCompiler
Cmd: initializeCompiler
Cmd: initializeCompiler
Cmd: initializeCompiler
Cmd: initializeCompiler
Cmd: initializeCompiler
Cmd: initializeCompiler
Cmd: initializeCompiler
Cmd: initializeCompiler
Cmd: initializeCompiler
Cmd: initializeCompiler
Cmd: initializeCompiler
Cmd: initializeCompiler
Cmd: initializeCompiler
Cmd: initializeCompiler
Cmd: initializeCompiler
Cmd: initializeCompiler
