Base path: /Applications/Unity/Hub/Editor/2018.3.3f1/Unity.app/Contents
Cmd: initializeCompiler
Cmd: compileComputeKernel
  api=14 insize=12270 outsize=2537 ok=1
Cmd: compileComputeKernel
  api=14 insize=12270 outsize=2737 ok=1
Cmd: translateComputeKernel
  api=14 insize=2709 outsize=2769 ok=1
Cmd: translateComputeKernel
  api=14 insize=2997 outsize=3405 ok=1
Cmd: compileComputeKernel
  api=14 insize=64076 outsize=8721 ok=1
Cmd: compileComputeKernel
  api=14 insize=4482 outsize=2809 ok=1
Cmd: translateComputeKernel
  api=14 insize=2809 outsize=4141 ok=1
Cmd: compileComputeKernel
  api=14 insize=23621 outsize=10785 ok=1
Cmd: translateComputeKernel
  api=14 insize=4537 outsize=8145 ok=1
Cmd: compileComputeKernel
  error: 1 plat 14 at Tensor.cginc(128): use of potentially uninitialized variable (ReadonlyTensor::SafeGet)
  api=14 insize=27408 outsize=4361 ok=1
Cmd: compileComputeKernel
  api=14 insize=27408 outsize=3089 ok=1
Cmd: compileComputeKernel
  api=14 insize=27408 outsize=3237 ok=1
Cmd: compileComputeKernel
  api=14 insize=27408 outsize=2801 ok=1
Cmd: translateComputeKernel
  api=14 insize=3829 outsize=5273 ok=1
Cmd: translateComputeKernel
  api=14 insize=3189 outsize=3413 ok=1
Cmd: translateComputeKernel
  api=14 insize=3705 outsize=4585 ok=1
Cmd: translateComputeKernel
  api=14 insize=3117 outsize=3341 ok=1
Cmd: compileComputeKernel
  api=14 insize=20360 outsize=1669 ok=1
Cmd: compileComputeKernel
  api=14 insize=20360 outsize=1885 ok=1
Cmd: compileComputeKernel
  api=14 insize=20360 outsize=2269 ok=1
Cmd: compileComputeKernel
  api=14 insize=20360 outsize=2293 ok=1
Cmd: compileComputeKernel
  api=14 insize=20360 outsize=2369 ok=1
Cmd: compileComputeKernel
  api=14 insize=20360 outsize=2193 ok=1
Cmd: translateComputeKernel
  api=14 insize=1969 outsize=2077 ok=1
Cmd: translateComputeKernel
  api=14 insize=1917 outsize=2041 ok=1
Cmd: translateComputeKernel
  api=14 insize=2337 outsize=2829 ok=1
Cmd: translateComputeKernel
  api=14 insize=2477 outsize=3057 ok=1
Cmd: translateComputeKernel
  api=14 insize=2333 outsize=2997 ok=1
Cmd: translateComputeKernel
  api=14 insize=2325 outsize=2829 ok=1
Cmd: translateComputeKernel
  api=14 insize=2761 outsize=3545 ok=1
Cmd: initializeCompiler
Cmd: initializeCompiler
Cmd: initializeCompiler
Cmd: initializeCompiler
Cmd: initializeCompiler
Cmd: initializeCompiler
Cmd: initializeCompiler
Cmd: initializeCompiler
Cmd: initializeCompiler
Cmd: initializeCompiler
Cmd: initializeCompiler
Cmd: initializeCompiler
Cmd: initializeCompiler
Cmd: initializeCompiler
Cmd: initializeCompiler
Cmd: initializeCompiler
Cmd: initializeCompiler
Cmd: initializeCompiler
Cmd: initializeCompiler
Cmd: initializeCompiler
Cmd: initializeCompiler
Cmd: initializeCompiler
Cmd: initializeCompiler
Cmd: initializeCompiler
Cmd: initializeCompiler
Cmd: initializeCompiler
Cmd: initializeCompiler
Cmd: initializeCompiler
Cmd: initializeCompiler
Cmd: initializeCompiler
Cmd: initializeCompiler
Cmd: initializeCompiler
Cmd: initializeCompiler
Cmd: initializeCompiler
Cmd: initializeCompiler
Cmd: initializeCompiler
Cmd: initializeCompiler
Cmd: initializeCompiler
Cmd: initializeCompiler
Cmd: initializeCompiler
Cmd: initializeCompiler
Cmd: initializeCompiler
Cmd: initializeCompiler
Cmd: initializeCompiler
Cmd: initializeCompiler
Cmd: initializeCompiler
Cmd: initializeCompiler
Cmd: initializeCompiler
Cmd: initializeCompiler
Cmd: initializeCompiler
Cmd: initializeCompiler
Cmd: initializeCompiler
Cmd: initializeCompiler
Cmd: initializeCompiler
Cmd: initializeCompiler
Cmd: initializeCompiler
Cmd: initializeCompiler
Cmd: initializeCompiler
Cmd: initializeCompiler
Cmd: initializeCompiler
Cmd: initializeCompiler
Cmd: initializeCompiler
Cmd: initializeCompiler
Cmd: initializeCompiler
Cmd: initializeCompiler
Cmd: initializeCompiler
Cmd: initializeCompiler
Cmd: initializeCompiler
Cmd: initializeCompiler
Cmd: initializeCompiler
Cmd: initializeCompiler
