Base path: /Applications/Unity/Hub/Editor/2018.3.3f1/Unity.app/Contents
Cmd: initializeCompiler
Cmd: compileComputeKernel
  api=14 insize=12270 outsize=2617 ok=1
Cmd: translateComputeKernel
  api=14 insize=3117 outsize=3593 ok=1
Cmd: translateComputeKernel
  api=14 insize=2929 outsize=2993 ok=1
Cmd: compileComputeKernel
  api=14 insize=64076 outsize=3721 ok=1
Cmd: translateComputeKernel
  api=14 insize=13645 outsize=26277 ok=1
Cmd: translateComputeKernel
  api=14 insize=2809 outsize=4145 ok=1
Cmd: compileComputeKernel
  api=14 insize=23621 outsize=8469 ok=1
Cmd: translateComputeKernel
  api=14 insize=13413 outsize=26657 ok=1
Cmd: compileComputeKernel
  error: 1 plat 14 at Tensor.cginc(128): use of potentially uninitialized variable (ReadonlyTensor::SafeGet)
  api=14 insize=27408 outsize=3605 ok=1
Cmd: compileComputeKernel
  api=14 insize=27408 outsize=3073 ok=1
Cmd: compileComputeKernel
  api=14 insize=27408 outsize=2821 ok=1
Cmd: compileComputeKernel
  api=14 insize=27408 outsize=3861 ok=1
Cmd: compileComputeKernel
  api=14 insize=27408 outsize=3877 ok=1
Cmd: translateComputeKernel
  api=14 insize=3405 outsize=3801 ok=1
Cmd: translateComputeKernel
  api=14 insize=3205 outsize=3593 ok=1
Cmd: translateComputeKernel
  api=14 insize=3145 outsize=3309 ok=1
Cmd: translateComputeKernel
  api=14 insize=3189 outsize=3413 ok=1
Cmd: translateComputeKernel
  api=14 insize=3705 outsize=4585 ok=1
Cmd: translateComputeKernel
  api=14 insize=3117 outsize=3341 ok=1
Cmd: compileComputeKernel
  api=14 insize=20360 outsize=1809 ok=1
Cmd: compileComputeKernel
  api=14 insize=20360 outsize=1705 ok=1
Cmd: compileComputeKernel
  api=14 insize=20360 outsize=2217 ok=1
Cmd: compileComputeKernel
  api=14 insize=20360 outsize=2293 ok=1
Cmd: compileComputeKernel
  api=14 insize=20360 outsize=2329 ok=1
Cmd: compileComputeKernel
  api=14 insize=20360 outsize=2233 ok=1
Cmd: translateComputeKernel
  api=14 insize=1909 outsize=1941 ok=1
Cmd: translateComputeKernel
  api=14 insize=1917 outsize=2041 ok=1
Cmd: translateComputeKernel
  api=14 insize=2189 outsize=2417 ok=1
Cmd: translateComputeKernel
  api=14 insize=2273 outsize=2933 ok=1
Cmd: translateComputeKernel
  api=14 insize=2397 outsize=2905 ok=1
Cmd: translateComputeKernel
  api=14 insize=2321 outsize=2993 ok=1
Cmd: translateComputeKernel
  api=14 insize=2261 outsize=2929 ok=1
Cmd: initializeCompiler
Cmd: initializeCompiler
Cmd: initializeCompiler
Cmd: initializeCompiler
Cmd: initializeCompiler
Cmd: initializeCompiler
Cmd: initializeCompiler
Cmd: initializeCompiler
Cmd: initializeCompiler
Cmd: initializeCompiler
Cmd: initializeCompiler
Cmd: initializeCompiler
Cmd: initializeCompiler
Cmd: initializeCompiler
Cmd: initializeCompiler
Cmd: initializeCompiler
Cmd: initializeCompiler
Cmd: initializeCompiler
Cmd: initializeCompiler
Cmd: initializeCompiler
Cmd: initializeCompiler
Cmd: initializeCompiler
Cmd: initializeCompiler
Cmd: initializeCompiler
Cmd: initializeCompiler
Cmd: initializeCompiler
Cmd: initializeCompiler
Cmd: initializeCompiler
Cmd: initializeCompiler
Cmd: initializeCompiler
Cmd: initializeCompiler
Cmd: initializeCompiler
Cmd: initializeCompiler
Cmd: initializeCompiler
Cmd: initializeCompiler
Cmd: initializeCompiler
Cmd: initializeCompiler
Cmd: initializeCompiler
Cmd: initializeCompiler
Cmd: initializeCompiler
Cmd: initializeCompiler
Cmd: initializeCompiler
Cmd: initializeCompiler
Cmd: initializeCompiler
Cmd: initializeCompiler
Cmd: initializeCompiler
Cmd: initializeCompiler
Cmd: initializeCompiler
Cmd: initializeCompiler
Cmd: initializeCompiler
Cmd: initializeCompiler
Cmd: initializeCompiler
Cmd: initializeCompiler
Cmd: initializeCompiler
Cmd: initializeCompiler
Cmd: initializeCompiler
Cmd: initializeCompiler
Cmd: initializeCompiler
Cmd: initializeCompiler
Cmd: initializeCompiler
Cmd: initializeCompiler
Cmd: initializeCompiler
Cmd: initializeCompiler
Cmd: initializeCompiler
Cmd: initializeCompiler
Cmd: initializeCompiler
Cmd: initializeCompiler
Cmd: initializeCompiler
Cmd: initializeCompiler
Cmd: initializeCompiler
Cmd: initializeCompiler
Cmd: initializeCompiler
Cmd: initializeCompiler
Cmd: initializeCompiler
Cmd: initializeCompiler
Cmd: initializeCompiler
Cmd: initializeCompiler
Cmd: initializeCompiler
Cmd: initializeCompiler
Cmd: initializeCompiler
Cmd: initializeCompiler
Cmd: initializeCompiler
Cmd: initializeCompiler
Cmd: initializeCompiler
Cmd: initializeCompiler
Cmd: initializeCompiler
Cmd: initializeCompiler
Cmd: initializeCompiler
Cmd: initializeCompiler
Cmd: initializeCompiler
Cmd: initializeCompiler
Cmd: initializeCompiler
Cmd: initializeCompiler
Cmd: initializeCompiler
Cmd: initializeCompiler
Cmd: initializeCompiler
Cmd: initializeCompiler
Cmd: initializeCompiler
Cmd: initializeCompiler
Cmd: initializeCompiler
Cmd: initializeCompiler
Cmd: initializeCompiler
Cmd: initializeCompiler
Cmd: initializeCompiler
Cmd: initializeCompiler
Cmd: initializeCompiler
Cmd: initializeCompiler
Cmd: initializeCompiler
Cmd: initializeCompiler
Cmd: initializeCompiler
Cmd: initializeCompiler
Cmd: initializeCompiler
Cmd: initializeCompiler
Cmd: initializeCompiler
Cmd: initializeCompiler
Cmd: initializeCompiler
Cmd: initializeCompiler
Cmd: initializeCompiler
Cmd: initializeCompiler
Cmd: initializeCompiler
Cmd: initializeCompiler
Cmd: initializeCompiler

Quitting shader compiler process
